2025-11-16T14:40:23.544Z LOGIN_SUCCESS admin01 role=admin
2025-11-16T14:47:52.090Z LOGIN_SUCCESS admin01 role=admin
2025-11-16T14:48:56.159Z SYSTEM_EMERGENCY_EXIT_BY_ADMIN
2025-11-16T14:49:06.845Z LOGIN_SUCCESS user02 role=user
2025-11-16T14:49:10.744Z ADMIN_OPENURL (from admin/ctrl) https://google.com
2025-11-16T14:49:14.894Z ADMIN_OPENURL (from admin/ctrl) https://tcs.com
2025-11-16T14:49:20.902Z USER_EMERGENCY_EXIT user02 locked=true
2025-11-16T14:49:39.232Z LOGIN_REFUSED user02 (locked)
2025-11-16T14:49:51.553Z LOGIN_SUCCESS admin01 role=admin
2025-11-16T14:49:58.041Z ADMIN_UPDATE_USER user02 {"locked":false}
2025-11-16T14:50:00.481Z ADMIN_UPDATE_USER user02 {"locked":true}
2025-11-16T14:50:01.298Z ADMIN_UPDATE_USER user02 {"locked":false}
2025-11-16T14:50:01.873Z ADMIN_UPDATE_USER user02 {"locked":true}
2025-11-16T14:50:04.201Z ADMIN_UPDATE_USER user02 {"locked":false}
2025-11-16T14:50:06.338Z ADMIN_UPDATE_USER user02 {"locked":true}
2025-11-16T14:50:09.002Z ADMIN_UPDATE_USER user02 {"enabled":true}
2025-11-16T14:50:11.250Z ADMIN_UPDATE_USER user02 {"locked":false}
2025-11-16T14:50:46.746Z SYSTEM_EMERGENCY_EXIT_BY_ADMIN
2025-11-16T14:51:14.877Z LOGIN_SUCCESS user02 role=user
2025-11-16T14:51:20.439Z USER_EMERGENCY_EXIT user02 locked=true
2025-11-16T14:51:47.377Z LOGIN_SUCCESS admin01 role=admin
2025-11-16T14:51:57.101Z ADMIN_UPDATE_USER user02 {"enabled":true}
2025-11-16T14:51:58.525Z ADMIN_UPDATE_USER user02 {"locked":false}
2025-11-16T14:52:00.116Z ADMIN_UPDATE_USER user02 {"enabled":false}
2025-11-16T14:52:00.989Z ADMIN_UPDATE_USER user02 {"enabled":true}
2025-11-16T14:52:01.589Z ADMIN_UPDATE_USER user02 {"enabled":false}
2025-11-16T14:52:03.149Z ADMIN_UPDATE_USER user02 {"enabled":true}
2025-11-16T14:52:04.004Z ADMIN_UPDATE_USER user02 {"enabled":false}
2025-11-16T14:52:05.397Z ADMIN_UPDATE_USER user02 {"enabled":true}
2025-11-16T14:52:06.749Z ADMIN_UPDATE_USER user02 {"locked":true}
2025-11-16T14:52:07.253Z ADMIN_UPDATE_USER user02 {"locked":false}
2025-11-16T14:52:12.837Z SYSTEM_EMERGENCY_EXIT_BY_ADMIN
2025-11-16T14:55:42.067Z LOGIN_SUCCESS admin01 role=admin
2025-11-16T14:55:44.956Z ADMIN_UPDATE_USER user01 {"enabled":false}
2025-11-16T14:55:48.811Z SYSTEM_EMERGENCY_EXIT_BY_ADMIN
2025-11-16T14:55:59.959Z LOGIN_REFUSED user01 (disabled)
2025-11-16T14:56:01.748Z LOGIN_REFUSED user01 (disabled)
2025-11-16T14:56:03.724Z SYSTEM_EMERGENCY_EXIT_BY_ADMIN
2025-11-16T14:56:26.221Z LOGIN_SUCCESS admin01 role=admin
2025-11-16T14:56:28.645Z ADMIN_UPDATE_USER user01 {"enabled":true}
2025-11-16T14:56:55.573Z SYSTEM_EMERGENCY_EXIT_BY_ADMIN
2025-11-16T15:01:30.324Z LOGIN_SUCCESS admin01 role=admin
2025-11-16T15:02:00.640Z SYSTEM_EMERGENCY_EXIT_BY_ADMIN
2025-11-16T15:06:05.294Z LOGIN_SUCCESS admin01 role=admin
2025-11-16T15:06:11.017Z SYSTEM_EMERGENCY_EXIT_BY_ADMIN
2025-11-16T15:16:41.269Z LOGIN_SUCCESS admin01 role=admin
2025-11-16T15:16:49.398Z SYSTEM_EMERGENCY_EXIT_BY_ADMIN
